<?xml version="1.0" encoding="UTF-8"?>
<!-- Generated by org.testng.reporters.JUnitReportReporter -->
<testsuite name="com.framework.BaseTest" tests="1" time="26.545" ignored="0" failures="0" timestamp="11 Sep 2017 14:50:13 GMT" skipped="0" hostname="Dev-Lappy" errors="0">
  <testcase name="openBrowser" time="26.545" classname="com.framework.BaseTest"/>
</testsuite> <!-- com.framework.BaseTest -->
